Working Version: 169
Commit Version: 168
Hash Code: [0 0 0 169]

CURRENT STORE: 

{[0 0 0 0] , [0 0 0 47]}
{[0 0 0 1] , [0 0 0 48]}
{[0 0 0 2] , [0 0 0 49]}
{[0 0 0 3] , [0 0 0 50]}
{[0 0 0 4] , [0 0 0 51]}
{[0 0 0 5] , [0 0 0 52]}
{[0 0 0 6] , [0 0 0 53]}
{[0 0 0 7] , [0 0 0 54]}

CValue 0: [0 0 0 0] | Deleted: true | Dirty: true
CValue 1: [0 0 0 1] | Deleted: true | Dirty: false
CValue 2: [0 0 0 2] | Deleted: true | Dirty: true
CValue 3: [0 0 0 3] | Deleted: true | Dirty: false
CValue 4: [0 0 0 4] | Deleted: true | Dirty: true
CValue 5: [0 0 0 5] | Deleted: true | Dirty: false
CValue 6: [0 0 0 6] | Deleted: true | Dirty: true
CValue 7: [0 0 0 7] | Deleted: true | Dirty: false

STORE 0: 

{[0 0 0 0] , [0 0 0 0]}
{[0 0 0 1] , [0 0 0 1]}

CValue 0: [0 0 0 0] | Deleted: true | Dirty: false
CValue 1: [0 0 0 1] | Deleted: true | Dirty: true

STORE 1: 

{[0 0 0 0] , [0 0 0 1]}
{[0 0 0 1] , [0 0 0 2]}
{[0 0 0 2] , [0 0 0 3]}
{[0 0 0 3] , [0 0 0 4]}
{[0 0 0 4] , [0 0 0 5]}
{[0 0 0 5] , [0 0 0 6]}

CValue 0: [0 0 0 0] | Deleted: true | Dirty: false
CValue 1: [0 0 0 1] | Deleted: true | Dirty: false
CValue 2: [0 0 0 2] | Deleted: true | Dirty: false
CValue 3: [0 0 0 3] | Deleted: true | Dirty: true
CValue 4: [0 0 0 4] | Deleted: true | Dirty: false
CValue 5: [0 0 0 5] | Deleted: true | Dirty: false

STORE 2: 

{[0 0 0 0] , [0 0 0 2]}
{[0 0 0 1] , [0 0 0 3]}
{[0 0 0 2] , [0 0 0 4]}
{[0 0 0 3] , [0 0 0 5]}
{[0 0 0 4] , [0 0 0 6]}
{[0 0 0 5] , [0 0 0 7]}

CValue 0: [0 0 0 0] | Deleted: true | Dirty: false
CValue 1: [0 0 0 1] | Deleted: true | Dirty: true
CValue 2: [0 0 0 2] | Deleted: true | Dirty: true
CValue 3: [0 0 0 3] | Deleted: true | Dirty: true
CValue 4: [0 0 0 4] | Deleted: true | Dirty: false
CValue 5: [0 0 0 5] | Deleted: true | Dirty: false

STORE 3: 

{[0 0 0 0] , [0 0 0 3]}
{[0 0 0 1] , [0 0 0 4]}
{[0 0 0 2] , [0 0 0 5]}
{[0 0 0 3] , [0 0 0 6]}

CValue 0: [0 0 0 0] | Deleted: true | Dirty: false
CValue 1: [0 0 0 1] | Deleted: true | Dirty: true
CValue 2: [0 0 0 2] | Deleted: true | Dirty: false
CValue 3: [0 0 0 3] | Deleted: true | Dirty: false

STORE 4: 

{[0 0 0 0] , [0 0 0 4]}
{[0 0 0 1] , [0 0 0 5]}
{[0 0 0 2] , [0 0 0 6]}
{[0 0 0 3] , [0 0 0 7]}
{[0 0 0 4] , [0 0 0 8]}
{[0 0 0 5] , [0 0 0 9]}
{[0 0 0 6] , [0 0 0 10]}
{[0 0 0 7] , [0 0 0 11]}
{[0 0 0 8] , [0 0 0 12]}
{[0 0 0 9] , [0 0 0 13]}

CValue 0: [0 0 0 0] | Deleted: true | Dirty: false
CValue 1: [0 0 0 1] | Deleted: true | Dirty: true
CValue 2: [0 0 0 2] | Deleted: true | Dirty: true
CValue 3: [0 0 0 3] | Deleted: true | Dirty: true
CValue 4: [0 0 0 4] | Deleted: true | Dirty: false
CValue 5: [0 0 0 5] | Deleted: true | Dirty: true
CValue 6: [0 0 0 6] | Deleted: true | Dirty: true
CValue 7: [0 0 0 7] | Deleted: true | Dirty: true
CValue 8: [0 0 0 8] | Deleted: true | Dirty: true
CValue 9: [0 0 0 9] | Deleted: true | Dirty: true

STORE 5: 

{[0 0 0 0] , [0 0 0 5]}
{[0 0 0 1] , [0 0 0 6]}

CValue 0: [0 0 0 0] | Deleted: true | Dirty: false
CValue 1: [0 0 0 1] | Deleted: true | Dirty: true

STORE 6: 

{[0 0 0 0] , [0 0 0 6]}
{[0 0 0 1] , [0 0 0 7]}

CValue 0: [0 0 0 0] | Deleted: true | Dirty: true
CValue 1: [0 0 0 1] | Deleted: true | Dirty: false

STORE 7: 

{[0 0 0 0] , [0 0 0 7]}
{[0 0 0 1] , [0 0 0 8]}
{[0 0 0 2] , [0 0 0 9]}
{[0 0 0 3] , [0 0 0 10]}

CValue 0: [0 0 0 0] | Deleted: true | Dirty: false
CValue 1: [0 0 0 1] | Deleted: true | Dirty: true
CValue 2: [0 0 0 2] | Deleted: true | Dirty: true
CValue 3: [0 0 0 3] | Deleted: true | Dirty: false

STORE 8: 

{[0 0 0 0] , [0 0 0 8]}
{[0 0 0 1] , [0 0 0 9]}
{[0 0 0 2] , [0 0 0 10]}
{[0 0 0 3] , [0 0 0 11]}
{[0 0 0 4] , [0 0 0 12]}
{[0 0 0 5] , [0 0 0 13]}
{[0 0 0 6] , [0 0 0 14]}
{[0 0 0 7] , [0 0 0 15]}
{[0 0 0 8] , [0 0 0 16]}
{[0 0 0 9] , [0 0 0 17]}

CValue 0: [0 0 0 0] | Deleted: true | Dirty: true
CValue 1: [0 0 0 1] | Deleted: true | Dirty: false
CValue 2: [0 0 0 2] | Deleted: true | Dirty: true
CValue 3: [0 0 0 3] | Deleted: true | Dirty: false
CValue 4: [0 0 0 4] | Deleted: true | Dirty: false
CValue 5: [0 0 0 5] | Deleted: true | Dirty: false
CValue 6: [0 0 0 6] | Deleted: true | Dirty: true
CValue 7: [0 0 0 7] | Deleted: true | Dirty: false
CValue 8: [0 0 0 8] | Deleted: true | Dirty: true
CValue 9: [0 0 0 9] | Deleted: true | Dirty: false

STORE 9: 

{[0 0 0 0] , [0 0 0 9]}
{[0 0 0 1] , [0 0 0 10]}
{[0 0 0 2] , [0 0 0 11]}
{[0 0 0 3] , [0 0 0 12]}
{[0 0 0 4] , [0 0 0 13]}
{[0 0 0 5] , [0 0 0 14]}
{[0 0 0 6] , [0 0 0 15]}
{[0 0 0 7] , [0 0 0 16]}
{[0 0 0 8] , [0 0 0 17]}
{[0 0 0 9] , [0 0 0 18]}

CValue 0: [0 0 0 0] | Deleted: true | Dirty: true
CValue 1: [0 0 0 1] | Deleted: true | Dirty: true
CValue 2: [0 0 0 2] | Deleted: true | Dirty: true
CValue 3: [0 0 0 3] | Deleted: true | Dirty: true
CValue 4: [0 0 0 4] | Deleted: true | Dirty: true
CValue 5: [0 0 0 5] | Deleted: true | Dirty: false
CValue 6: [0 0 0 6] | Deleted: true | Dirty: true
CValue 7: [0 0 0 7] | Deleted: true | Dirty: true
CValue 8: [0 0 0 8] | Deleted: true | Dirty: false
CValue 9: [0 0 0 9] | Deleted: true | Dirty: false

STORE 10: 

{[0 0 0 0] , [0 0 0 10]}
{[0 0 0 1] , [0 0 0 11]}
{[0 0 0 2] , [0 0 0 12]}
{[0 0 0 3] , [0 0 0 13]}
{[0 0 0 4] , [0 0 0 14]}
{[0 0 0 5] , [0 0 0 15]}
{[0 0 0 6] , [0 0 0 16]}
{[0 0 0 7] , [0 0 0 17]}
{[0 0 0 8] , [0 0 0 18]}
{[0 0 0 9] , [0 0 0 19]}

CValue 0: [0 0 0 0] | Deleted: true | Dirty: false
CValue 1: [0 0 0 1] | Deleted: true | Dirty: false
CValue 2: [0 0 0 2] | Deleted: true | Dirty: true
CValue 3: [0 0 0 3] | Deleted: true | Dirty: false
CValue 4: [0 0 0 4] | Deleted: true | Dirty: false
CValue 5: [0 0 0 5] | Deleted: true | Dirty: true
CValue 6: [0 0 0 6] | Deleted: true | Dirty: false
CValue 7: [0 0 0 7] | Deleted: true | Dirty: false
CValue 8: [0 0 0 8] | Deleted: true | Dirty: false
CValue 9: [0 0 0 9] | Deleted: true | Dirty: false

STORE 11: 

{[0 0 0 0] , [0 0 0 11]}
{[0 0 0 1] , [0 0 0 12]}
{[0 0 0 2] , [0 0 0 13]}
{[0 0 0 3] , [0 0 0 14]}

CValue 0: [0 0 0 0] | Deleted: true | Dirty: true
CValue 1: [0 0 0 1] | Deleted: true | Dirty: false
CValue 2: [0 0 0 2] | Deleted: true | Dirty: true
CValue 3: [0 0 0 3] | Deleted: true | Dirty: false

STORE 12: 

{[0 0 0 0] , [0 0 0 12]}
{[0 0 0 1] , [0 0 0 13]}
{[0 0 0 2] , [0 0 0 14]}
{[0 0 0 3] , [0 0 0 15]}
{[0 0 0 4] , [0 0 0 16]}
{[0 0 0 5] , [0 0 0 17]}

CValue 0: [0 0 0 0] | Deleted: true | Dirty: false
CValue 1: [0 0 0 1] | Deleted: true | Dirty: true
CValue 2: [0 0 0 2] | Deleted: true | Dirty: true
CValue 3: [0 0 0 3] | Deleted: true | Dirty: true
CValue 4: [0 0 0 4] | Deleted: true | Dirty: true
CValue 5: [0 0 0 5] | Deleted: true | Dirty: true

STORE 13: 

{[0 0 0 0] , [0 0 0 13]}
{[0 0 0 1] , [0 0 0 14]}
{[0 0 0 2] , [0 0 0 15]}
{[0 0 0 3] , [0 0 0 16]}

CValue 0: [0 0 0 0] | Deleted: true | Dirty: false
CValue 1: [0 0 0 1] | Deleted: true | Dirty: false
CValue 2: [0 0 0 2] | Deleted: true | Dirty: true
CValue 3: [0 0 0 3] | Deleted: true | Dirty: true

STORE 14: 

{[0 0 0 0] , [0 0 0 14]}
{[0 0 0 1] , [0 0 0 15]}
{[0 0 0 2] , [0 0 0 16]}
{[0 0 0 3] , [0 0 0 17]}
{[0 0 0 4] , [0 0 0 18]}
{[0 0 0 5] , [0 0 0 19]}
{[0 0 0 6] , [0 0 0 20]}
{[0 0 0 7] , [0 0 0 21]}

CValue 0: [0 0 0 0] | Deleted: true | Dirty: false
CValue 1: [0 0 0 1] | Deleted: true | Dirty: true
CValue 2: [0 0 0 2] | Deleted: true | Dirty: true
CValue 3: [0 0 0 3] | Deleted: true | Dirty: true
CValue 4: [0 0 0 4] | Deleted: true | Dirty: false
CValue 5: [0 0 0 5] | Deleted: true | Dirty: false
CValue 6: [0 0 0 6] | Deleted: true | Dirty: true
CValue 7: [0 0 0 7] | Deleted: true | Dirty: false

STORE 15: 

{[0 0 0 0] , [0 0 0 15]}
{[0 0 0 1] , [0 0 0 16]}
{[0 0 0 2] , [0 0 0 17]}
{[0 0 0 3] , [0 0 0 18]}

CValue 0: [0 0 0 0] | Deleted: true | Dirty: true
CValue 1: [0 0 0 1] | Deleted: true | Dirty: true
CValue 2: [0 0 0 2] | Deleted: true | Dirty: true
CValue 3: [0 0 0 3] | Deleted: true | Dirty: true

STORE 16: 

{[0 0 0 0] , [0 0 0 16]}
{[0 0 0 1] , [0 0 0 17]}

CValue 0: [0 0 0 0] | Deleted: true | Dirty: true
CValue 1: [0 0 0 1] | Deleted: true | Dirty: false

STORE 17: 

{[0 0 0 0] , [0 0 0 17]}
{[0 0 0 1] , [0 0 0 18]}

CValue 0: [0 0 0 0] | Deleted: true | Dirty: false
CValue 1: [0 0 0 1] | Deleted: true | Dirty: false

STORE 18: 

{[0 0 0 0] , [0 0 0 18]}
{[0 0 0 1] , [0 0 0 19]}
{[0 0 0 2] , [0 0 0 20]}
{[0 0 0 3] , [0 0 0 21]}
{[0 0 0 4] , [0 0 0 22]}
{[0 0 0 5] , [0 0 0 23]}

CValue 0: [0 0 0 0] | Deleted: true | Dirty: false
CValue 1: [0 0 0 1] | Deleted: true | Dirty: false
CValue 2: [0 0 0 2] | Deleted: true | Dirty: true
CValue 3: [0 0 0 3] | Deleted: true | Dirty: false
CValue 4: [0 0 0 4] | Deleted: true | Dirty: true
CValue 5: [0 0 0 5] | Deleted: true | Dirty: true

STORE 19: 

{[0 0 0 0] , [0 0 0 19]}
{[0 0 0 1] , [0 0 0 20]}
{[0 0 0 2] , [0 0 0 21]}
{[0 0 0 3] , [0 0 0 22]}
{[0 0 0 4] , [0 0 0 23]}
{[0 0 0 5] , [0 0 0 24]}
{[0 0 0 6] , [0 0 0 25]}
{[0 0 0 7] , [0 0 0 26]}
{[0 0 0 8] , [0 0 0 27]}
{[0 0 0 9] , [0 0 0 28]}

CValue 0: [0 0 0 0] | Deleted: true | Dirty: true
CValue 1: [0 0 0 1] | Deleted: true | Dirty: true
CValue 2: [0 0 0 2] | Deleted: true | Dirty: false
CValue 3: [0 0 0 3] | Deleted: true | Dirty: false
CValue 4: [0 0 0 4] | Deleted: true | Dirty: false
CValue 5: [0 0 0 5] | Deleted: true | Dirty: true
CValue 6: [0 0 0 6] | Deleted: true | Dirty: false
CValue 7: [0 0 0 7] | Deleted: true | Dirty: true
CValue 8: [0 0 0 8] | Deleted: true | Dirty: true
CValue 9: [0 0 0 9] | Deleted: true | Dirty: true

STORE 20: 

{[0 0 0 0] , [0 0 0 20]}
{[0 0 0 1] , [0 0 0 21]}

CValue 0: [0 0 0 0] | Deleted: true | Dirty: false
CValue 1: [0 0 0 1] | Deleted: true | Dirty: false

STORE 21: 

{[0 0 0 0] , [0 0 0 21]}
{[0 0 0 1] , [0 0 0 22]}

CValue 0: [0 0 0 0] | Deleted: true | Dirty: true
CValue 1: [0 0 0 1] | Deleted: true | Dirty: false

STORE 22: 

{[0 0 0 0] , [0 0 0 22]}
{[0 0 0 1] , [0 0 0 23]}

CValue 0: [0 0 0 0] | Deleted: true | Dirty: true
CValue 1: [0 0 0 1] | Deleted: true | Dirty: false

STORE 23: 

{[0 0 0 0] , [0 0 0 23]}
{[0 0 0 1] , [0 0 0 24]}
{[0 0 0 2] , [0 0 0 25]}
{[0 0 0 3] , [0 0 0 26]}
{[0 0 0 4] , [0 0 0 27]}
{[0 0 0 5] , [0 0 0 28]}

CValue 0: [0 0 0 0] | Deleted: true | Dirty: false
CValue 1: [0 0 0 1] | Deleted: true | Dirty: false
CValue 2: [0 0 0 2] | Deleted: true | Dirty: false
CValue 3: [0 0 0 3] | Deleted: true | Dirty: true
CValue 4: [0 0 0 4] | Deleted: true | Dirty: false
CValue 5: [0 0 0 5] | Deleted: true | Dirty: false

STORE 24: 

{[0 0 0 0] , [0 0 0 24]}
{[0 0 0 1] , [0 0 0 25]}
{[0 0 0 2] , [0 0 0 26]}
{[0 0 0 3] , [0 0 0 27]}
{[0 0 0 4] , [0 0 0 28]}
{[0 0 0 5] , [0 0 0 29]}
{[0 0 0 6] , [0 0 0 30]}
{[0 0 0 7] , [0 0 0 31]}
{[0 0 0 8] , [0 0 0 32]}
{[0 0 0 9] , [0 0 0 33]}

CValue 0: [0 0 0 0] | Deleted: true | Dirty: false
CValue 1: [0 0 0 1] | Deleted: true | Dirty: true
CValue 2: [0 0 0 2] | Deleted: true | Dirty: true
CValue 3: [0 0 0 3] | Deleted: true | Dirty: true
CValue 4: [0 0 0 4] | Deleted: true | Dirty: true
CValue 5: [0 0 0 5] | Deleted: true | Dirty: true
CValue 6: [0 0 0 6] | Deleted: true | Dirty: true
CValue 7: [0 0 0 7] | Deleted: true | Dirty: false
CValue 8: [0 0 0 8] | Deleted: true | Dirty: false
CValue 9: [0 0 0 9] | Deleted: true | Dirty: false

STORE 25: 

{[0 0 0 0] , [0 0 0 25]}
{[0 0 0 1] , [0 0 0 26]}
{[0 0 0 2] , [0 0 0 27]}
{[0 0 0 3] , [0 0 0 28]}
{[0 0 0 4] , [0 0 0 29]}
{[0 0 0 5] , [0 0 0 30]}
{[0 0 0 6] , [0 0 0 31]}
{[0 0 0 7] , [0 0 0 32]}

CValue 0: [0 0 0 0] | Deleted: true | Dirty: true
CValue 1: [0 0 0 1] | Deleted: true | Dirty: true
CValue 2: [0 0 0 2] | Deleted: true | Dirty: false
CValue 3: [0 0 0 3] | Deleted: true | Dirty: false
CValue 4: [0 0 0 4] | Deleted: true | Dirty: true
CValue 5: [0 0 0 5] | Deleted: true | Dirty: false
CValue 6: [0 0 0 6] | Deleted: true | Dirty: true
CValue 7: [0 0 0 7] | Deleted: true | Dirty: false

STORE 26: 

{[0 0 0 0] , [0 0 0 26]}
{[0 0 0 1] , [0 0 0 27]}
{[0 0 0 2] , [0 0 0 28]}
{[0 0 0 3] , [0 0 0 29]}

CValue 0: [0 0 0 0] | Deleted: true | Dirty: false
CValue 1: [0 0 0 1] | Deleted: true | Dirty: false
CValue 2: [0 0 0 2] | Deleted: true | Dirty: true
CValue 3: [0 0 0 3] | Deleted: true | Dirty: true

STORE 27: 

{[0 0 0 0] , [0 0 0 27]}
{[0 0 0 1] , [0 0 0 28]}
{[0 0 0 2] , [0 0 0 29]}
{[0 0 0 3] , [0 0 0 30]}

CValue 0: [0 0 0 0] | Deleted: true | Dirty: false
CValue 1: [0 0 0 1] | Deleted: true | Dirty: false
CValue 2: [0 0 0 2] | Deleted: true | Dirty: true
CValue 3: [0 0 0 3] | Deleted: true | Dirty: false

STORE 28: 

{[0 0 0 0] , [0 0 0 28]}
{[0 0 0 1] , [0 0 0 29]}
{[0 0 0 2] , [0 0 0 30]}
{[0 0 0 3] , [0 0 0 31]}
{[0 0 0 4] , [0 0 0 32]}
{[0 0 0 5] , [0 0 0 33]}
{[0 0 0 6] , [0 0 0 34]}
{[0 0 0 7] , [0 0 0 35]}
{[0 0 0 8] , [0 0 0 36]}
{[0 0 0 9] , [0 0 0 37]}

CValue 0: [0 0 0 0] | Deleted: true | Dirty: true
CValue 1: [0 0 0 1] | Deleted: true | Dirty: true
CValue 2: [0 0 0 2] | Deleted: true | Dirty: true
CValue 3: [0 0 0 3] | Deleted: true | Dirty: false
CValue 4: [0 0 0 4] | Deleted: true | Dirty: false
CValue 5: [0 0 0 5] | Deleted: true | Dirty: false
CValue 6: [0 0 0 6] | Deleted: true | Dirty: false
CValue 7: [0 0 0 7] | Deleted: true | Dirty: false
CValue 8: [0 0 0 8] | Deleted: true | Dirty: false
CValue 9: [0 0 0 9] | Deleted: true | Dirty: false

STORE 29: 

{[0 0 0 0] , [0 0 0 29]}
{[0 0 0 1] , [0 0 0 30]}
{[0 0 0 2] , [0 0 0 31]}
{[0 0 0 3] , [0 0 0 32]}
{[0 0 0 4] , [0 0 0 33]}
{[0 0 0 5] , [0 0 0 34]}
{[0 0 0 6] , [0 0 0 35]}
{[0 0 0 7] , [0 0 0 36]}

CValue 0: [0 0 0 0] | Deleted: true | Dirty: false
CValue 1: [0 0 0 1] | Deleted: true | Dirty: false
CValue 2: [0 0 0 2] | Deleted: true | Dirty: true
CValue 3: [0 0 0 3] | Deleted: true | Dirty: true
CValue 4: [0 0 0 4] | Deleted: true | Dirty: true
CValue 5: [0 0 0 5] | Deleted: true | Dirty: true
CValue 6: [0 0 0 6] | Deleted: true | Dirty: false
CValue 7: [0 0 0 7] | Deleted: true | Dirty: true

STORE 30: 

{[0 0 0 0] , [0 0 0 30]}
{[0 0 0 1] , [0 0 0 31]}
{[0 0 0 2] , [0 0 0 32]}
{[0 0 0 3] , [0 0 0 33]}
{[0 0 0 4] , [0 0 0 34]}
{[0 0 0 5] , [0 0 0 35]}
{[0 0 0 6] , [0 0 0 36]}
{[0 0 0 7] , [0 0 0 37]}

CValue 0: [0 0 0 0] | Deleted: true | Dirty: false
CValue 1: [0 0 0 1] | Deleted: true | Dirty: false
CValue 2: [0 0 0 2] | Deleted: true | Dirty: false
CValue 3: [0 0 0 3] | Deleted: true | Dirty: false
CValue 4: [0 0 0 4] | Deleted: true | Dirty: false
CValue 5: [0 0 0 5] | Deleted: true | Dirty: false
CValue 6: [0 0 0 6] | Deleted: true | Dirty: false
CValue 7: [0 0 0 7] | Deleted: true | Dirty: false

STORE 31: 

{[0 0 0 0] , [0 0 0 31]}
{[0 0 0 1] , [0 0 0 32]}
{[0 0 0 2] , [0 0 0 33]}
{[0 0 0 3] , [0 0 0 34]}
{[0 0 0 4] , [0 0 0 35]}
{[0 0 0 5] , [0 0 0 36]}
{[0 0 0 6] , [0 0 0 37]}
{[0 0 0 7] , [0 0 0 38]}
{[0 0 0 8] , [0 0 0 39]}
{[0 0 0 9] , [0 0 0 40]}

CValue 0: [0 0 0 0] | Deleted: true | Dirty: false
CValue 1: [0 0 0 1] | Deleted: true | Dirty: true
CValue 2: [0 0 0 2] | Deleted: true | Dirty: true
CValue 3: [0 0 0 3] | Deleted: true | Dirty: true
CValue 4: [0 0 0 4] | Deleted: true | Dirty: false
CValue 5: [0 0 0 5] | Deleted: true | Dirty: false
CValue 6: [0 0 0 6] | Deleted: true | Dirty: false
CValue 7: [0 0 0 7] | Deleted: true | Dirty: true
CValue 8: [0 0 0 8] | Deleted: true | Dirty: true
CValue 9: [0 0 0 9] | Deleted: true | Dirty: true

STORE 32: 

{[0 0 0 0] , [0 0 0 32]}
{[0 0 0 1] , [0 0 0 33]}
{[0 0 0 2] , [0 0 0 34]}
{[0 0 0 3] , [0 0 0 35]}
{[0 0 0 4] , [0 0 0 36]}
{[0 0 0 5] , [0 0 0 37]}
{[0 0 0 6] , [0 0 0 38]}
{[0 0 0 7] , [0 0 0 39]}

CValue 0: [0 0 0 0] | Deleted: true | Dirty: false
CValue 1: [0 0 0 1] | Deleted: true | Dirty: true
CValue 2: [0 0 0 2] | Deleted: true | Dirty: true
CValue 3: [0 0 0 3] | Deleted: true | Dirty: true
CValue 4: [0 0 0 4] | Deleted: true | Dirty: false
CValue 5: [0 0 0 5] | Deleted: true | Dirty: true
CValue 6: [0 0 0 6] | Deleted: true | Dirty: true
CValue 7: [0 0 0 7] | Deleted: true | Dirty: false

STORE 33: 

{[0 0 0 0] , [0 0 0 33]}
{[0 0 0 1] , [0 0 0 34]}
{[0 0 0 2] , [0 0 0 35]}
{[0 0 0 3] , [0 0 0 36]}

CValue 0: [0 0 0 0] | Deleted: true | Dirty: false
CValue 1: [0 0 0 1] | Deleted: true | Dirty: true
CValue 2: [0 0 0 2] | Deleted: true | Dirty: false
CValue 3: [0 0 0 3] | Deleted: true | Dirty: true

STORE 34: 

{[0 0 0 0] , [0 0 0 34]}
{[0 0 0 1] , [0 0 0 35]}
{[0 0 0 2] , [0 0 0 36]}
{[0 0 0 3] , [0 0 0 37]}
{[0 0 0 4] , [0 0 0 38]}
{[0 0 0 5] , [0 0 0 39]}
{[0 0 0 6] , [0 0 0 40]}
{[0 0 0 7] , [0 0 0 41]}
{[0 0 0 8] , [0 0 0 42]}
{[0 0 0 9] , [0 0 0 43]}

CValue 0: [0 0 0 0] | Deleted: true | Dirty: true
CValue 1: [0 0 0 1] | Deleted: true | Dirty: false
CValue 2: [0 0 0 2] | Deleted: true | Dirty: true
CValue 3: [0 0 0 3] | Deleted: true | Dirty: false
CValue 4: [0 0 0 4] | Deleted: true | Dirty: false
CValue 5: [0 0 0 5] | Deleted: true | Dirty: true
CValue 6: [0 0 0 6] | Deleted: true | Dirty: false
CValue 7: [0 0 0 7] | Deleted: true | Dirty: false
CValue 8: [0 0 0 8] | Deleted: true | Dirty: true
CValue 9: [0 0 0 9] | Deleted: true | Dirty: true

STORE 35: 

{[0 0 0 0] , [0 0 0 35]}
{[0 0 0 1] , [0 0 0 36]}
{[0 0 0 2] , [0 0 0 37]}
{[0 0 0 3] , [0 0 0 38]}
{[0 0 0 4] , [0 0 0 39]}
{[0 0 0 5] , [0 0 0 40]}
{[0 0 0 6] , [0 0 0 41]}
{[0 0 0 7] , [0 0 0 42]}
{[0 0 0 8] , [0 0 0 43]}
{[0 0 0 9] , [0 0 0 44]}

CValue 0: [0 0 0 0] | Deleted: true | Dirty: true
CValue 1: [0 0 0 1] | Deleted: true | Dirty: true
CValue 2: [0 0 0 2] | Deleted: true | Dirty: true
CValue 3: [0 0 0 3] | Deleted: true | Dirty: false
CValue 4: [0 0 0 4] | Deleted: true | Dirty: false
CValue 5: [0 0 0 5] | Deleted: true | Dirty: false
CValue 6: [0 0 0 6] | Deleted: true | Dirty: true
CValue 7: [0 0 0 7] | Deleted: true | Dirty: true
CValue 8: [0 0 0 8] | Deleted: true | Dirty: false
CValue 9: [0 0 0 9] | Deleted: true | Dirty: false

STORE 36: 

{[0 0 0 0] , [0 0 0 36]}
{[0 0 0 1] , [0 0 0 37]}
{[0 0 0 2] , [0 0 0 38]}
{[0 0 0 3] , [0 0 0 39]}
{[0 0 0 4] , [0 0 0 40]}
{[0 0 0 5] , [0 0 0 41]}

CValue 0: [0 0 0 0] | Deleted: true | Dirty: true
CValue 1: [0 0 0 1] | Deleted: true | Dirty: false
CValue 2: [0 0 0 2] | Deleted: true | Dirty: false
CValue 3: [0 0 0 3] | Deleted: true | Dirty: false
CValue 4: [0 0 0 4] | Deleted: true | Dirty: false
CValue 5: [0 0 0 5] | Deleted: true | Dirty: false

STORE 37: 

{[0 0 0 0] , [0 0 0 37]}
{[0 0 0 1] , [0 0 0 38]}
{[0 0 0 2] , [0 0 0 39]}
{[0 0 0 3] , [0 0 0 40]}
{[0 0 0 4] , [0 0 0 41]}
{[0 0 0 5] , [0 0 0 42]}
{[0 0 0 6] , [0 0 0 43]}
{[0 0 0 7] , [0 0 0 44]}

CValue 0: [0 0 0 0] | Deleted: true | Dirty: false
CValue 1: [0 0 0 1] | Deleted: true | Dirty: true
CValue 2: [0 0 0 2] | Deleted: true | Dirty: false
CValue 3: [0 0 0 3] | Deleted: true | Dirty: true
CValue 4: [0 0 0 4] | Deleted: true | Dirty: true
CValue 5: [0 0 0 5] | Deleted: true | Dirty: false
CValue 6: [0 0 0 6] | Deleted: true | Dirty: true
CValue 7: [0 0 0 7] | Deleted: true | Dirty: false

STORE 38: 

{[0 0 0 0] , [0 0 0 38]}
{[0 0 0 1] , [0 0 0 39]}
{[0 0 0 2] , [0 0 0 40]}
{[0 0 0 3] , [0 0 0 41]}
{[0 0 0 4] , [0 0 0 42]}
{[0 0 0 5] , [0 0 0 43]}

CValue 0: [0 0 0 0] | Deleted: true | Dirty: false
CValue 1: [0 0 0 1] | Deleted: true | Dirty: false
CValue 2: [0 0 0 2] | Deleted: true | Dirty: false
CValue 3: [0 0 0 3] | Deleted: true | Dirty: false
CValue 4: [0 0 0 4] | Deleted: true | Dirty: true
CValue 5: [0 0 0 5] | Deleted: true | Dirty: true

STORE 39: 

{[0 0 0 0] , [0 0 0 39]}
{[0 0 0 1] , [0 0 0 40]}
{[0 0 0 2] , [0 0 0 41]}
{[0 0 0 3] , [0 0 0 42]}

CValue 0: [0 0 0 0] | Deleted: true | Dirty: true
CValue 1: [0 0 0 1] | Deleted: true | Dirty: true
CValue 2: [0 0 0 2] | Deleted: true | Dirty: true
CValue 3: [0 0 0 3] | Deleted: true | Dirty: true

STORE 40: 

{[0 0 0 0] , [0 0 0 40]}
{[0 0 0 1] , [0 0 0 41]}
{[0 0 0 2] , [0 0 0 42]}
{[0 0 0 3] , [0 0 0 43]}

CValue 0: [0 0 0 0] | Deleted: true | Dirty: false
CValue 1: [0 0 0 1] | Deleted: true | Dirty: false
CValue 2: [0 0 0 2] | Deleted: true | Dirty: true
CValue 3: [0 0 0 3] | Deleted: true | Dirty: false

STORE 41: 

{[0 0 0 0] , [0 0 0 41]}
{[0 0 0 1] , [0 0 0 42]}
{[0 0 0 2] , [0 0 0 43]}
{[0 0 0 3] , [0 0 0 44]}
{[0 0 0 4] , [0 0 0 45]}
{[0 0 0 5] , [0 0 0 46]}
{[0 0 0 6] , [0 0 0 47]}
{[0 0 0 7] , [0 0 0 48]}

CValue 0: [0 0 0 0] | Deleted: true | Dirty: true
CValue 1: [0 0 0 1] | Deleted: true | Dirty: false
CValue 2: [0 0 0 2] | Deleted: true | Dirty: false
CValue 3: [0 0 0 3] | Deleted: true | Dirty: true
CValue 4: [0 0 0 4] | Deleted: true | Dirty: false
CValue 5: [0 0 0 5] | Deleted: true | Dirty: true
CValue 6: [0 0 0 6] | Deleted: true | Dirty: false
CValue 7: [0 0 0 7] | Deleted: true | Dirty: true

STORE 42: 

{[0 0 0 0] , [0 0 0 42]}
{[0 0 0 1] , [0 0 0 43]}
{[0 0 0 2] , [0 0 0 44]}
{[0 0 0 3] , [0 0 0 45]}

CValue 0: [0 0 0 0] | Deleted: true | Dirty: true
CValue 1: [0 0 0 1] | Deleted: true | Dirty: false
CValue 2: [0 0 0 2] | Deleted: true | Dirty: false
CValue 3: [0 0 0 3] | Deleted: true | Dirty: false

STORE 43: 

{[0 0 0 0] , [0 0 0 43]}
{[0 0 0 1] , [0 0 0 44]}
{[0 0 0 2] , [0 0 0 45]}
{[0 0 0 3] , [0 0 0 46]}
{[0 0 0 4] , [0 0 0 47]}
{[0 0 0 5] , [0 0 0 48]}

CValue 0: [0 0 0 0] | Deleted: true | Dirty: false
CValue 1: [0 0 0 1] | Deleted: true | Dirty: true
CValue 2: [0 0 0 2] | Deleted: true | Dirty: false
CValue 3: [0 0 0 3] | Deleted: true | Dirty: true
CValue 4: [0 0 0 4] | Deleted: true | Dirty: true
CValue 5: [0 0 0 5] | Deleted: true | Dirty: false

STORE 44: 

{[0 0 0 0] , [0 0 0 44]}
{[0 0 0 1] , [0 0 0 45]}
{[0 0 0 2] , [0 0 0 46]}
{[0 0 0 3] , [0 0 0 47]}

CValue 0: [0 0 0 0] | Deleted: true | Dirty: true
CValue 1: [0 0 0 1] | Deleted: true | Dirty: false
CValue 2: [0 0 0 2] | Deleted: true | Dirty: false
CValue 3: [0 0 0 3] | Deleted: true | Dirty: true

STORE 45: 

{[0 0 0 0] , [0 0 0 45]}
{[0 0 0 1] , [0 0 0 46]}

CValue 0: [0 0 0 0] | Deleted: true | Dirty: false
CValue 1: [0 0 0 1] | Deleted: true | Dirty: false

